2025-10-01 17:16:22,909 [INFO] >>> Realizando el proceso de descarga de datasets en memoria...
2025-10-01 17:16:23,618 [INFO] Archivo cargado en memoria: Banca_Multiple_EEFF_200201.xls desde https://intranet2.sbs.gob.pe/estadistica/financiera/2002/Enero/B-2201-en2002.XLS
2025-10-01 17:16:24,159 [INFO] Archivo cargado en memoria: Banca_Multiple_EEFF_200202.xls desde https://intranet2.sbs.gob.pe/estadistica/financiera/2002/Febrero/B-2201-fe2002.XLS
2025-10-01 17:16:24,643 [INFO] Archivo cargado en memoria: Banca_Multiple_EEFF_200203.xls desde https://intranet2.sbs.gob.pe/estadistica/financiera/2002/Marzo/B-2201-ma2002.XLS
2025-10-01 17:16:25,129 [INFO] Archivo cargado en memoria: Banca_Multiple_EEFF_200204.xls desde https://intranet2.sbs.gob.pe/estadistica/financiera/2002/Abril/B-2201-ab2002.XLS
2025-10-01 17:16:25,701 [INFO] Archivo cargado en memoria: Banca_Multiple_EEFF_200205.xls desde https://intranet2.sbs.gob.pe/estadistica/financiera/2002/Mayo/B-2201-my2002.XLS
2025-10-01 17:16:26,427 [INFO] Archivo cargado en memoria: Banca_Multiple_EEFF_200206.xls desde https://intranet2.sbs.gob.pe/estadistica/financiera/2002/Junio/B-2201-jn2002.XLS
2025-10-01 17:16:26,755 [INFO] Archivo cargado en memoria: Banca_Multiple_EEFF_200207.xls desde https://intranet2.sbs.gob.pe/estadistica/financiera/2002/Julio/B-2201-jl2002.XLS
2025-10-01 17:16:27,150 [INFO] Archivo cargado en memoria: Banca_Multiple_EEFF_200208.xls desde https://intranet2.sbs.gob.pe/estadistica/financiera/2002/Agosto/B-2201-ag2002.XLS
2025-10-01 17:16:27,658 [INFO] Archivo cargado en memoria: Banca_Multiple_EEFF_200209.xls desde https://intranet2.sbs.gob.pe/estadistica/financiera/2002/Setiembre/B-2201-se2002.XLS
2025-10-01 17:16:28,266 [INFO] Archivo cargado en memoria: Banca_Multiple_EEFF_200210.xls desde https://intranet2.sbs.gob.pe/estadistica/financiera/2002/Octubre/B-2201-oc2002.XLS
2025-10-01 17:16:28,689 [INFO] Archivo cargado en memoria: Banca_Multiple_EEFF_200211.xls desde https://intranet2.sbs.gob.pe/estadistica/financiera/2002/Noviembre/B-2201-no2002.XLS
2025-10-01 17:16:29,123 [INFO] Archivo cargado en memoria: Banca_Multiple_EEFF_200212.xls desde https://intranet2.sbs.gob.pe/estadistica/financiera/2002/Diciembre/B-2201-di2002.XLS
2025-10-01 17:16:29,572 [INFO] Archivo cargado en memoria: Banca_Multiple_EEFF_200301.xls desde https://intranet2.sbs.gob.pe/estadistica/financiera/2003/Enero/B-2201-en2003.XLS
2025-10-01 17:16:29,986 [INFO] Archivo cargado en memoria: Banca_Multiple_EEFF_200302.xls desde https://intranet2.sbs.gob.pe/estadistica/financiera/2003/Febrero/B-2201-fe2003.XLS
2025-10-01 17:16:30,381 [INFO] Archivo cargado en memoria: Banca_Multiple_EEFF_200303.xls desde https://intranet2.sbs.gob.pe/estadistica/financiera/2003/Marzo/B-2201-ma2003.XLS
2025-10-01 17:16:30,775 [INFO] Archivo cargado en memoria: Banca_Multiple_EEFF_200304.xls desde https://intranet2.sbs.gob.pe/estadistica/financiera/2003/Abril/B-2201-ab2003.XLS
2025-10-01 17:16:31,174 [INFO] Archivo cargado en memoria: Banca_Multiple_EEFF_200305.xls desde https://intranet2.sbs.gob.pe/estadistica/financiera/2003/Mayo/B-2201-my2003.XLS
2025-10-01 17:16:31,570 [INFO] Archivo cargado en memoria: Banca_Multiple_EEFF_200306.xls desde https://intranet2.sbs.gob.pe/estadistica/financiera/2003/Junio/B-2201-jn2003.XLS
2025-10-01 17:16:32,025 [INFO] Archivo cargado en memoria: Banca_Multiple_EEFF_200307.xls desde https://intranet2.sbs.gob.pe/estadistica/financiera/2003/Julio/B-2201-jl2003.XLS
2025-10-01 17:16:32,468 [INFO] Archivo cargado en memoria: Banca_Multiple_EEFF_200308.xls desde https://intranet2.sbs.gob.pe/estadistica/financiera/2003/Agosto/B-2201-ag2003.XLS
2025-10-01 17:16:32,886 [INFO] Archivo cargado en memoria: Banca_Multiple_EEFF_200309.xls desde https://intranet2.sbs.gob.pe/estadistica/financiera/2003/Setiembre/B-2201-se2003.XLS
2025-10-01 17:16:33,300 [INFO] Archivo cargado en memoria: Banca_Multiple_EEFF_200310.xls desde https://intranet2.sbs.gob.pe/estadistica/financiera/2003/Octubre/B-2201-oc2003.XLS
2025-10-01 17:16:33,702 [INFO] Archivo cargado en memoria: Banca_Multiple_EEFF_200311.xls desde https://intranet2.sbs.gob.pe/estadistica/financiera/2003/Noviembre/B-2201-no2003.XLS
2025-10-01 17:16:34,169 [INFO] Archivo cargado en memoria: Banca_Multiple_EEFF_200312.xls desde https://intranet2.sbs.gob.pe/estadistica/financiera/2003/Diciembre/B-2201-di2003.XLS
2025-10-01 17:16:34,733 [INFO] Archivo cargado en memoria: Banca_Multiple_EEFF_200401.xls desde https://intranet2.sbs.gob.pe/estadistica/financiera/2004/Enero/B-2201-en2004.XLS
2025-10-01 17:16:35,290 [INFO] Archivo cargado en memoria: Banca_Multiple_EEFF_200402.xls desde https://intranet2.sbs.gob.pe/estadistica/financiera/2004/Febrero/B-2201-fe2004.XLS
2025-10-01 17:16:35,727 [INFO] Archivo cargado en memoria: Banca_Multiple_EEFF_200403.xls desde https://intranet2.sbs.gob.pe/estadistica/financiera/2004/Marzo/B-2201-ma2004.XLS
2025-10-01 17:16:36,005 [INFO] Archivo cargado en memoria: Banca_Multiple_EEFF_200404.xls desde https://intranet2.sbs.gob.pe/estadistica/financiera/2004/Abril/B-2201-ab2004.XLS
2025-10-01 17:16:36,262 [INFO] Archivo cargado en memoria: Banca_Multiple_EEFF_200405.xls desde https://intranet2.sbs.gob.pe/estadistica/financiera/2004/Mayo/B-2201-my2004.XLS
2025-10-01 17:16:36,544 [INFO] Archivo cargado en memoria: Banca_Multiple_EEFF_200406.xls desde https://intranet2.sbs.gob.pe/estadistica/financiera/2004/Junio/B-2201-jn2004.XLS
2025-10-01 17:16:36,809 [INFO] Archivo cargado en memoria: Banca_Multiple_EEFF_200407.xls desde https://intranet2.sbs.gob.pe/estadistica/financiera/2004/Julio/B-2201-jl2004.XLS
2025-10-01 17:16:37,065 [INFO] Archivo cargado en memoria: Banca_Multiple_EEFF_200408.xls desde https://intranet2.sbs.gob.pe/estadistica/financiera/2004/Agosto/B-2201-ag2004.XLS
2025-10-01 17:16:37,468 [INFO] Archivo cargado en memoria: Banca_Multiple_EEFF_200409.xls desde https://intranet2.sbs.gob.pe/estadistica/financiera/2004/Setiembre/B-2201-se2004.XLS
2025-10-01 17:16:37,786 [INFO] Archivo cargado en memoria: Banca_Multiple_EEFF_200410.xls desde https://intranet2.sbs.gob.pe/estadistica/financiera/2004/Octubre/B-2201-oc2004.XLS
2025-10-01 17:16:38,091 [INFO] Archivo cargado en memoria: Banca_Multiple_EEFF_200411.xls desde https://intranet2.sbs.gob.pe/estadistica/financiera/2004/Noviembre/B-2201-no2004.XLS
2025-10-01 17:16:38,479 [INFO] Archivo cargado en memoria: Banca_Multiple_EEFF_200412.xls desde https://intranet2.sbs.gob.pe/estadistica/financiera/2004/Diciembre/B-2201-di2004.XLS
2025-10-01 17:16:38,727 [INFO] Archivo cargado en memoria: Banca_Multiple_EEFF_200501.xls desde https://intranet2.sbs.gob.pe/estadistica/financiera/2005/Enero/B-2201-en2005.XLS
2025-10-01 17:16:39,032 [INFO] Archivo cargado en memoria: Banca_Multiple_EEFF_200502.xls desde https://intranet2.sbs.gob.pe/estadistica/financiera/2005/Febrero/B-2201-fe2005.XLS
2025-10-01 17:16:39,362 [INFO] Archivo cargado en memoria: Banca_Multiple_EEFF_200503.xls desde https://intranet2.sbs.gob.pe/estadistica/financiera/2005/Marzo/B-2201-ma2005.XLS
2025-10-01 17:16:39,760 [INFO] Archivo cargado en memoria: Banca_Multiple_EEFF_200504.xls desde https://intranet2.sbs.gob.pe/estadistica/financiera/2005/Abril/B-2201-ab2005.XLS
2025-10-01 17:16:40,112 [INFO] Archivo cargado en memoria: Banca_Multiple_EEFF_200505.xls desde https://intranet2.sbs.gob.pe/estadistica/financiera/2005/Mayo/B-2201-my2005.XLS
2025-10-01 17:16:40,548 [INFO] Archivo cargado en memoria: Banca_Multiple_EEFF_200506.xls desde https://intranet2.sbs.gob.pe/estadistica/financiera/2005/Junio/B-2201-jn2005.XLS
2025-10-01 17:16:40,853 [INFO] Archivo cargado en memoria: Banca_Multiple_EEFF_200507.xls desde https://intranet2.sbs.gob.pe/estadistica/financiera/2005/Julio/B-2201-jl2005.XLS
2025-10-01 17:16:41,217 [INFO] Archivo cargado en memoria: Banca_Multiple_EEFF_200508.xls desde https://intranet2.sbs.gob.pe/estadistica/financiera/2005/Agosto/B-2201-ag2005.XLS
2025-10-01 17:16:41,574 [INFO] Archivo cargado en memoria: Banca_Multiple_EEFF_200509.xls desde https://intranet2.sbs.gob.pe/estadistica/financiera/2005/Setiembre/B-2201-se2005.XLS
2025-10-01 17:16:42,167 [INFO] Archivo cargado en memoria: Banca_Multiple_EEFF_200510.xls desde https://intranet2.sbs.gob.pe/estadistica/financiera/2005/Octubre/B-2201-oc2005.XLS
2025-10-01 17:16:42,481 [INFO] Archivo cargado en memoria: Banca_Multiple_EEFF_200511.xls desde https://intranet2.sbs.gob.pe/estadistica/financiera/2005/Noviembre/B-2201-no2005.XLS
2025-10-01 17:16:42,732 [INFO] Archivo cargado en memoria: Banca_Multiple_EEFF_200512.xls desde https://intranet2.sbs.gob.pe/estadistica/financiera/2005/Diciembre/B-2201-di2005.XLS
2025-10-01 17:16:42,984 [INFO] Archivo cargado en memoria: Banca_Multiple_EEFF_200601.xls desde https://intranet2.sbs.gob.pe/estadistica/financiera/2006/Enero/B-2201-en2006.XLS
2025-10-01 17:16:43,238 [INFO] Archivo cargado en memoria: Banca_Multiple_EEFF_200602.xls desde https://intranet2.sbs.gob.pe/estadistica/financiera/2006/Febrero/B-2201-fe2006.XLS
2025-10-01 17:16:43,518 [INFO] Archivo cargado en memoria: Banca_Multiple_EEFF_200603.xls desde https://intranet2.sbs.gob.pe/estadistica/financiera/2006/Marzo/B-2201-ma2006.XLS
2025-10-01 17:16:43,799 [INFO] Archivo cargado en memoria: Banca_Multiple_EEFF_200604.xls desde https://intranet2.sbs.gob.pe/estadistica/financiera/2006/Abril/B-2201-ab2006.XLS
2025-10-01 17:16:44,106 [INFO] Archivo cargado en memoria: Banca_Multiple_EEFF_200605.xls desde https://intranet2.sbs.gob.pe/estadistica/financiera/2006/Mayo/B-2201-my2006.XLS
2025-10-01 17:16:44,414 [INFO] Archivo cargado en memoria: Banca_Multiple_EEFF_200606.xls desde https://intranet2.sbs.gob.pe/estadistica/financiera/2006/Junio/B-2201-jn2006.XLS
2025-10-01 17:16:44,691 [INFO] Archivo cargado en memoria: Banca_Multiple_EEFF_200607.xls desde https://intranet2.sbs.gob.pe/estadistica/financiera/2006/Julio/B-2201-jl2006.XLS
2025-10-01 17:16:44,956 [INFO] Archivo cargado en memoria: Banca_Multiple_EEFF_200608.xls desde https://intranet2.sbs.gob.pe/estadistica/financiera/2006/Agosto/B-2201-ag2006.XLS
2025-10-01 17:16:45,216 [INFO] Archivo cargado en memoria: Banca_Multiple_EEFF_200609.xls desde https://intranet2.sbs.gob.pe/estadistica/financiera/2006/Setiembre/B-2201-se2006.XLS
2025-10-01 17:16:45,486 [INFO] Archivo cargado en memoria: Banca_Multiple_EEFF_200610.xls desde https://intranet2.sbs.gob.pe/estadistica/financiera/2006/Octubre/B-2201-oc2006.XLS
2025-10-01 17:16:45,842 [INFO] Archivo cargado en memoria: Banca_Multiple_EEFF_200611.xls desde https://intranet2.sbs.gob.pe/estadistica/financiera/2006/Noviembre/B-2201-no2006.XLS
2025-10-01 17:16:46,105 [INFO] Archivo cargado en memoria: Banca_Multiple_EEFF_200612.xls desde https://intranet2.sbs.gob.pe/estadistica/financiera/2006/Diciembre/B-2201-di2006.XLS
2025-10-01 17:16:46,370 [INFO] Archivo cargado en memoria: Banca_Multiple_EEFF_200701.xls desde https://intranet2.sbs.gob.pe/estadistica/financiera/2007/Enero/B-2201-en2007.XLS
2025-10-01 17:16:46,621 [INFO] Archivo cargado en memoria: Banca_Multiple_EEFF_200702.xls desde https://intranet2.sbs.gob.pe/estadistica/financiera/2007/Febrero/B-2201-fe2007.XLS
2025-10-01 17:16:46,893 [INFO] Archivo cargado en memoria: Banca_Multiple_EEFF_200703.xls desde https://intranet2.sbs.gob.pe/estadistica/financiera/2007/Marzo/B-2201-ma2007.XLS
2025-10-01 17:16:47,157 [INFO] Archivo cargado en memoria: Banca_Multiple_EEFF_200704.xls desde https://intranet2.sbs.gob.pe/estadistica/financiera/2007/Abril/B-2201-ab2007.XLS
2025-10-01 17:16:47,425 [INFO] Archivo cargado en memoria: Banca_Multiple_EEFF_200705.xls desde https://intranet2.sbs.gob.pe/estadistica/financiera/2007/Mayo/B-2201-my2007.XLS
2025-10-01 17:16:47,698 [INFO] Archivo cargado en memoria: Banca_Multiple_EEFF_200706.xls desde https://intranet2.sbs.gob.pe/estadistica/financiera/2007/Junio/B-2201-jn2007.XLS
2025-10-01 17:16:47,950 [INFO] Archivo cargado en memoria: Banca_Multiple_EEFF_200707.xls desde https://intranet2.sbs.gob.pe/estadistica/financiera/2007/Julio/B-2201-jl2007.XLS
2025-10-01 17:16:48,330 [INFO] Archivo cargado en memoria: Banca_Multiple_EEFF_200708.xls desde https://intranet2.sbs.gob.pe/estadistica/financiera/2007/Agosto/B-2201-ag2007.XLS
2025-10-01 17:16:48,640 [INFO] Archivo cargado en memoria: Banca_Multiple_EEFF_200709.xls desde https://intranet2.sbs.gob.pe/estadistica/financiera/2007/Setiembre/B-2201-se2007.XLS
2025-10-01 17:16:48,925 [INFO] Archivo cargado en memoria: Banca_Multiple_EEFF_200710.xls desde https://intranet2.sbs.gob.pe/estadistica/financiera/2007/Octubre/B-2201-oc2007.XLS
2025-10-01 17:16:49,260 [INFO] Archivo cargado en memoria: Banca_Multiple_EEFF_200711.xls desde https://intranet2.sbs.gob.pe/estadistica/financiera/2007/Noviembre/B-2201-no2007.XLS
2025-10-01 17:16:49,676 [INFO] Archivo cargado en memoria: Banca_Multiple_EEFF_200712.xls desde https://intranet2.sbs.gob.pe/estadistica/financiera/2007/Diciembre/B-2201-di2007.XLS
2025-10-01 17:16:50,048 [INFO] Archivo cargado en memoria: Banca_Multiple_EEFF_200801.xls desde https://intranet2.sbs.gob.pe/estadistica/financiera/2008/Enero/B-2201-en2008.XLS
2025-10-01 17:16:50,362 [INFO] Archivo cargado en memoria: Banca_Multiple_EEFF_200802.xls desde https://intranet2.sbs.gob.pe/estadistica/financiera/2008/Febrero/B-2201-fe2008.XLS
2025-10-01 17:16:50,634 [INFO] Archivo cargado en memoria: Banca_Multiple_EEFF_200803.xls desde https://intranet2.sbs.gob.pe/estadistica/financiera/2008/Marzo/B-2201-ma2008.XLS
2025-10-01 17:16:50,921 [INFO] Archivo cargado en memoria: Banca_Multiple_EEFF_200804.xls desde https://intranet2.sbs.gob.pe/estadistica/financiera/2008/Abril/B-2201-ab2008.XLS
2025-10-01 17:16:51,340 [INFO] Archivo cargado en memoria: Banca_Multiple_EEFF_200805.xls desde https://intranet2.sbs.gob.pe/estadistica/financiera/2008/Mayo/B-2201-my2008.XLS
2025-10-01 17:16:51,678 [INFO] Archivo cargado en memoria: Banca_Multiple_EEFF_200806.xls desde https://intranet2.sbs.gob.pe/estadistica/financiera/2008/Junio/B-2201-jn2008.XLS
2025-10-01 17:16:52,037 [INFO] Archivo cargado en memoria: Banca_Multiple_EEFF_200807.xls desde https://intranet2.sbs.gob.pe/estadistica/financiera/2008/Julio/B-2201-jl2008.XLS
2025-10-01 17:16:52,409 [INFO] Archivo cargado en memoria: Banca_Multiple_EEFF_200808.xls desde https://intranet2.sbs.gob.pe/estadistica/financiera/2008/Agosto/B-2201-ag2008.XLS
2025-10-01 17:16:52,895 [INFO] Archivo cargado en memoria: Banca_Multiple_EEFF_200809.xls desde https://intranet2.sbs.gob.pe/estadistica/financiera/2008/Setiembre/B-2201-se2008.XLS
2025-10-01 17:16:53,303 [INFO] Archivo cargado en memoria: Banca_Multiple_EEFF_200810.xls desde https://intranet2.sbs.gob.pe/estadistica/financiera/2008/Octubre/B-2201-oc2008.XLS
2025-10-01 17:16:53,672 [INFO] Archivo cargado en memoria: Banca_Multiple_EEFF_200811.xls desde https://intranet2.sbs.gob.pe/estadistica/financiera/2008/Noviembre/B-2201-no2008.XLS
2025-10-01 17:16:54,031 [INFO] Archivo cargado en memoria: Banca_Multiple_EEFF_200812.xls desde https://intranet2.sbs.gob.pe/estadistica/financiera/2008/Diciembre/B-2201-di2008.XLS
2025-10-01 17:16:54,369 [INFO] Archivo cargado en memoria: Banca_Multiple_EEFF_200901.xls desde https://intranet2.sbs.gob.pe/estadistica/financiera/2009/Enero/B-2201-en2009.XLS
2025-10-01 17:16:54,711 [INFO] Archivo cargado en memoria: Banca_Multiple_EEFF_200902.xls desde https://intranet2.sbs.gob.pe/estadistica/financiera/2009/Febrero/B-2201-fe2009.XLS
2025-10-01 17:16:55,057 [INFO] Archivo cargado en memoria: Banca_Multiple_EEFF_200903.xls desde https://intranet2.sbs.gob.pe/estadistica/financiera/2009/Marzo/B-2201-ma2009.XLS
2025-10-01 17:16:55,486 [INFO] Archivo cargado en memoria: Banca_Multiple_EEFF_200904.xls desde https://intranet2.sbs.gob.pe/estadistica/financiera/2009/Abril/B-2201-ab2009.XLS
2025-10-01 17:16:55,852 [INFO] Archivo cargado en memoria: Banca_Multiple_EEFF_200905.xls desde https://intranet2.sbs.gob.pe/estadistica/financiera/2009/Mayo/B-2201-my2009.XLS
2025-10-01 17:16:56,182 [INFO] Archivo cargado en memoria: Banca_Multiple_EEFF_200906.xls desde https://intranet2.sbs.gob.pe/estadistica/financiera/2009/Junio/B-2201-jn2009.XLS
2025-10-01 17:16:56,513 [INFO] Archivo cargado en memoria: Banca_Multiple_EEFF_200907.xls desde https://intranet2.sbs.gob.pe/estadistica/financiera/2009/Julio/B-2201-jl2009.XLS
2025-10-01 17:16:56,887 [INFO] Archivo cargado en memoria: Banca_Multiple_EEFF_200908.xls desde https://intranet2.sbs.gob.pe/estadistica/financiera/2009/Agosto/B-2201-ag2009.XLS
2025-10-01 17:16:57,275 [INFO] Archivo cargado en memoria: Banca_Multiple_EEFF_200909.xls desde https://intranet2.sbs.gob.pe/estadistica/financiera/2009/Setiembre/B-2201-se2009.XLS
2025-10-01 17:16:57,611 [INFO] Archivo cargado en memoria: Banca_Multiple_EEFF_200910.xls desde https://intranet2.sbs.gob.pe/estadistica/financiera/2009/Octubre/B-2201-oc2009.XLS
2025-10-01 17:16:57,957 [INFO] Archivo cargado en memoria: Banca_Multiple_EEFF_200911.xls desde https://intranet2.sbs.gob.pe/estadistica/financiera/2009/Noviembre/B-2201-no2009.XLS
2025-10-01 17:16:58,312 [INFO] Archivo cargado en memoria: Banca_Multiple_EEFF_200912.xls desde https://intranet2.sbs.gob.pe/estadistica/financiera/2009/Diciembre/B-2201-di2009.XLS
2025-10-01 17:16:58,674 [INFO] Archivo cargado en memoria: Banca_Multiple_EEFF_201001.xls desde https://intranet2.sbs.gob.pe/estadistica/financiera/2010/Enero/B-2201-en2010.XLS
2025-10-01 17:16:59,013 [INFO] Archivo cargado en memoria: Banca_Multiple_EEFF_201002.xls desde https://intranet2.sbs.gob.pe/estadistica/financiera/2010/Febrero/B-2201-fe2010.XLS
2025-10-01 17:16:59,443 [INFO] Archivo cargado en memoria: Banca_Multiple_EEFF_201003.xls desde https://intranet2.sbs.gob.pe/estadistica/financiera/2010/Marzo/B-2201-ma2010.XLS
2025-10-01 17:16:59,807 [INFO] Archivo cargado en memoria: Banca_Multiple_EEFF_201004.xls desde https://intranet2.sbs.gob.pe/estadistica/financiera/2010/Abril/B-2201-ab2010.XLS
2025-10-01 17:17:00,282 [INFO] Archivo cargado en memoria: Banca_Multiple_EEFF_201005.xls desde https://intranet2.sbs.gob.pe/estadistica/financiera/2010/Mayo/B-2201-my2010.XLS
2025-10-01 17:17:00,775 [INFO] Archivo cargado en memoria: Banca_Multiple_EEFF_201006.xls desde https://intranet2.sbs.gob.pe/estadistica/financiera/2010/Junio/B-2201-jn2010.XLS
2025-10-01 17:17:01,372 [INFO] Archivo cargado en memoria: Banca_Multiple_EEFF_201007.xls desde https://intranet2.sbs.gob.pe/estadistica/financiera/2010/Julio/B-2201-jl2010.XLS
2025-10-01 17:17:01,910 [INFO] Archivo cargado en memoria: Banca_Multiple_EEFF_201008.xls desde https://intranet2.sbs.gob.pe/estadistica/financiera/2010/Agosto/B-2201-ag2010.XLS
2025-10-01 17:17:02,484 [INFO] Archivo cargado en memoria: Banca_Multiple_EEFF_201009.xls desde https://intranet2.sbs.gob.pe/estadistica/financiera/2010/Setiembre/B-2201-se2010.XLS
2025-10-01 17:17:03,011 [INFO] Archivo cargado en memoria: Banca_Multiple_EEFF_201010.xls desde https://intranet2.sbs.gob.pe/estadistica/financiera/2010/Octubre/B-2201-oc2010.XLS
2025-10-01 17:17:03,875 [INFO] Archivo cargado en memoria: Banca_Multiple_EEFF_201011.xls desde https://intranet2.sbs.gob.pe/estadistica/financiera/2010/Noviembre/B-2201-no2010.XLS
2025-10-01 17:17:04,318 [INFO] Archivo cargado en memoria: Banca_Multiple_EEFF_201012.xls desde https://intranet2.sbs.gob.pe/estadistica/financiera/2010/Diciembre/B-2201-di2010.XLS
2025-10-01 17:17:04,881 [INFO] Archivo cargado en memoria: Banca_Multiple_EEFF_201101.xls desde https://intranet2.sbs.gob.pe/estadistica/financiera/2011/Enero/B-2201-en2011.XLS
2025-10-01 17:17:05,452 [INFO] Archivo cargado en memoria: Banca_Multiple_EEFF_201102.xls desde https://intranet2.sbs.gob.pe/estadistica/financiera/2011/Febrero/B-2201-fe2011.XLS
2025-10-01 17:17:05,965 [INFO] Archivo cargado en memoria: Banca_Multiple_EEFF_201103.xls desde https://intranet2.sbs.gob.pe/estadistica/financiera/2011/Marzo/B-2201-ma2011.XLS
2025-10-01 17:17:06,416 [INFO] Archivo cargado en memoria: Banca_Multiple_EEFF_201104.xls desde https://intranet2.sbs.gob.pe/estadistica/financiera/2011/Abril/B-2201-ab2011.XLS
2025-10-01 17:17:06,901 [INFO] Archivo cargado en memoria: Banca_Multiple_EEFF_201105.xls desde https://intranet2.sbs.gob.pe/estadistica/financiera/2011/Mayo/B-2201-my2011.XLS
2025-10-01 17:17:07,414 [INFO] Archivo cargado en memoria: Banca_Multiple_EEFF_201106.xls desde https://intranet2.sbs.gob.pe/estadistica/financiera/2011/Junio/B-2201-jn2011.XLS
2025-10-01 17:17:07,916 [INFO] Archivo cargado en memoria: Banca_Multiple_EEFF_201107.xls desde https://intranet2.sbs.gob.pe/estadistica/financiera/2011/Julio/B-2201-jl2011.XLS
2025-10-01 17:17:08,422 [INFO] Archivo cargado en memoria: Banca_Multiple_EEFF_201108.xls desde https://intranet2.sbs.gob.pe/estadistica/financiera/2011/Agosto/B-2201-ag2011.XLS
2025-10-01 17:17:09,085 [INFO] Archivo cargado en memoria: Banca_Multiple_EEFF_201109.xls desde https://intranet2.sbs.gob.pe/estadistica/financiera/2011/Setiembre/B-2201-se2011.XLS
2025-10-01 17:17:09,626 [INFO] Archivo cargado en memoria: Banca_Multiple_EEFF_201110.xls desde https://intranet2.sbs.gob.pe/estadistica/financiera/2011/Octubre/B-2201-oc2011.XLS
2025-10-01 17:17:10,087 [INFO] Archivo cargado en memoria: Banca_Multiple_EEFF_201111.xls desde https://intranet2.sbs.gob.pe/estadistica/financiera/2011/Noviembre/B-2201-no2011.XLS
2025-10-01 17:17:10,615 [INFO] Archivo cargado en memoria: Banca_Multiple_EEFF_201112.xls desde https://intranet2.sbs.gob.pe/estadistica/financiera/2011/Diciembre/B-2201-di2011.XLS
2025-10-01 17:17:11,398 [INFO] Archivo cargado en memoria: Banca_Multiple_EEFF_201201.xls desde https://intranet2.sbs.gob.pe/estadistica/financiera/2012/Enero/B-2201-en2012.XLS
2025-10-01 17:17:11,931 [INFO] Archivo cargado en memoria: Banca_Multiple_EEFF_201202.xls desde https://intranet2.sbs.gob.pe/estadistica/financiera/2012/Febrero/B-2201-fe2012.XLS
2025-10-01 17:17:12,452 [INFO] Archivo cargado en memoria: Banca_Multiple_EEFF_201203.xls desde https://intranet2.sbs.gob.pe/estadistica/financiera/2012/Marzo/B-2201-ma2012.XLS
2025-10-01 17:17:12,954 [INFO] Archivo cargado en memoria: Banca_Multiple_EEFF_201204.xls desde https://intranet2.sbs.gob.pe/estadistica/financiera/2012/Abril/B-2201-ab2012.XLS
2025-10-01 17:17:13,537 [INFO] Archivo cargado en memoria: Banca_Multiple_EEFF_201205.xls desde https://intranet2.sbs.gob.pe/estadistica/financiera/2012/Mayo/B-2201-my2012.XLS
2025-10-01 17:17:14,094 [INFO] Archivo cargado en memoria: Banca_Multiple_EEFF_201206.xls desde https://intranet2.sbs.gob.pe/estadistica/financiera/2012/Junio/B-2201-jn2012.XLS
2025-10-01 17:17:14,667 [INFO] Archivo cargado en memoria: Banca_Multiple_EEFF_201207.xls desde https://intranet2.sbs.gob.pe/estadistica/financiera/2012/Julio/B-2201-jl2012.XLS
2025-10-01 17:17:15,203 [INFO] Archivo cargado en memoria: Banca_Multiple_EEFF_201208.xls desde https://intranet2.sbs.gob.pe/estadistica/financiera/2012/Agosto/B-2201-ag2012.XLS
2025-10-01 17:17:15,780 [INFO] Archivo cargado en memoria: Banca_Multiple_EEFF_201209.xls desde https://intranet2.sbs.gob.pe/estadistica/financiera/2012/Setiembre/B-2201-se2012.XLS
2025-10-01 17:17:16,346 [INFO] Archivo cargado en memoria: Banca_Multiple_EEFF_201210.xls desde https://intranet2.sbs.gob.pe/estadistica/financiera/2012/Octubre/B-2201-oc2012.XLS
2025-10-01 17:17:16,829 [INFO] Archivo cargado en memoria: Banca_Multiple_EEFF_201211.xls desde https://intranet2.sbs.gob.pe/estadistica/financiera/2012/Noviembre/B-2201-no2012.XLS
2025-10-01 17:17:17,335 [INFO] Archivo cargado en memoria: Banca_Multiple_EEFF_201212.xls desde https://intranet2.sbs.gob.pe/estadistica/financiera/2012/Diciembre/B-2201-di2012.XLS
2025-10-01 17:17:17,844 [INFO] Archivo cargado en memoria: Banca_Multiple_EEFF_201301.xls desde https://intranet2.sbs.gob.pe/estadistica/financiera/2013/Enero/B-2201-en2013.XLS
2025-10-01 17:17:18,354 [INFO] Archivo cargado en memoria: Banca_Multiple_EEFF_201302.xls desde https://intranet2.sbs.gob.pe/estadistica/financiera/2013/Febrero/B-2201-fe2013.XLS
2025-10-01 17:17:18,865 [INFO] Archivo cargado en memoria: Banca_Multiple_EEFF_201303.xls desde https://intranet2.sbs.gob.pe/estadistica/financiera/2013/Marzo/B-2201-ma2013.XLS
2025-10-01 17:17:19,348 [INFO] Archivo cargado en memoria: Banca_Multiple_EEFF_201304.xls desde https://intranet2.sbs.gob.pe/estadistica/financiera/2013/Abril/B-2201-ab2013.XLS
2025-10-01 17:17:19,861 [INFO] Archivo cargado en memoria: Banca_Multiple_EEFF_201305.xls desde https://intranet2.sbs.gob.pe/estadistica/financiera/2013/Mayo/B-2201-my2013.XLS
2025-10-01 17:17:20,370 [INFO] Archivo cargado en memoria: Banca_Multiple_EEFF_201306.xls desde https://intranet2.sbs.gob.pe/estadistica/financiera/2013/Junio/B-2201-jn2013.XLS
2025-10-01 17:17:21,085 [INFO] Archivo cargado en memoria: Banca_Multiple_EEFF_201307.xls desde https://intranet2.sbs.gob.pe/estadistica/financiera/2013/Julio/B-2201-jl2013.XLS
2025-10-01 17:17:21,625 [INFO] Archivo cargado en memoria: Banca_Multiple_EEFF_201308.xls desde https://intranet2.sbs.gob.pe/estadistica/financiera/2013/Agosto/B-2201-ag2013.XLS
2025-10-01 17:17:21,985 [INFO] Archivo cargado en memoria: Banca_Multiple_EEFF_201309.xls desde https://intranet2.sbs.gob.pe/estadistica/financiera/2013/Setiembre/B-2201-se2013.XLS
2025-10-01 17:17:22,377 [INFO] Archivo cargado en memoria: Banca_Multiple_EEFF_201310.xls desde https://intranet2.sbs.gob.pe/estadistica/financiera/2013/Octubre/B-2201-oc2013.XLS
2025-10-01 17:17:22,796 [INFO] Archivo cargado en memoria: Banca_Multiple_EEFF_201311.xls desde https://intranet2.sbs.gob.pe/estadistica/financiera/2013/Noviembre/B-2201-no2013.XLS
2025-10-01 17:17:23,520 [INFO] Archivo cargado en memoria: Banca_Multiple_EEFF_201312.xls desde https://intranet2.sbs.gob.pe/estadistica/financiera/2013/Diciembre/B-2201-di2013.XLS
2025-10-01 17:17:23,833 [INFO] Archivo cargado en memoria: Banca_Multiple_EEFF_201401.xls desde https://intranet2.sbs.gob.pe/estadistica/financiera/2014/Enero/B-2201-en2014.XLS
2025-10-01 17:17:24,416 [INFO] Archivo cargado en memoria: Banca_Multiple_EEFF_201402.xls desde https://intranet2.sbs.gob.pe/estadistica/financiera/2014/Febrero/B-2201-fe2014.XLS
2025-10-01 17:17:24,752 [INFO] Archivo cargado en memoria: Banca_Multiple_EEFF_201403.xls desde https://intranet2.sbs.gob.pe/estadistica/financiera/2014/Marzo/B-2201-ma2014.XLS
2025-10-01 17:17:25,112 [INFO] Archivo cargado en memoria: Banca_Multiple_EEFF_201404.xls desde https://intranet2.sbs.gob.pe/estadistica/financiera/2014/Abril/B-2201-ab2014.XLS
2025-10-01 17:17:25,618 [INFO] Archivo cargado en memoria: Banca_Multiple_EEFF_201405.xls desde https://intranet2.sbs.gob.pe/estadistica/financiera/2014/Mayo/B-2201-my2014.XLS
2025-10-01 17:17:25,977 [INFO] Archivo cargado en memoria: Banca_Multiple_EEFF_201406.xls desde https://intranet2.sbs.gob.pe/estadistica/financiera/2014/Junio/B-2201-jn2014.XLS
2025-10-01 17:17:26,239 [INFO] Archivo cargado en memoria: Banca_Multiple_EEFF_201407.xls desde https://intranet2.sbs.gob.pe/estadistica/financiera/2014/Julio/B-2201-jl2014.XLS
2025-10-01 17:17:26,508 [INFO] Archivo cargado en memoria: Banca_Multiple_EEFF_201408.xls desde https://intranet2.sbs.gob.pe/estadistica/financiera/2014/Agosto/B-2201-ag2014.XLS
2025-10-01 17:17:26,806 [INFO] Archivo cargado en memoria: Banca_Multiple_EEFF_201409.xls desde https://intranet2.sbs.gob.pe/estadistica/financiera/2014/Setiembre/B-2201-se2014.XLS
2025-10-01 17:17:27,079 [INFO] Archivo cargado en memoria: Banca_Multiple_EEFF_201410.xls desde https://intranet2.sbs.gob.pe/estadistica/financiera/2014/Octubre/B-2201-oc2014.XLS
2025-10-01 17:17:27,432 [INFO] Archivo cargado en memoria: Banca_Multiple_EEFF_201411.xls desde https://intranet2.sbs.gob.pe/estadistica/financiera/2014/Noviembre/B-2201-no2014.XLS
2025-10-01 17:17:28,086 [INFO] Archivo cargado en memoria: Banca_Multiple_EEFF_201412.xls desde https://intranet2.sbs.gob.pe/estadistica/financiera/2014/Diciembre/B-2201-di2014.XLS
2025-10-01 17:17:28,374 [INFO] Archivo cargado en memoria: Banca_Multiple_EEFF_201501.xls desde https://intranet2.sbs.gob.pe/estadistica/financiera/2015/Enero/B-2201-en2015.XLS
2025-10-01 17:17:28,657 [INFO] Archivo cargado en memoria: Banca_Multiple_EEFF_201502.xls desde https://intranet2.sbs.gob.pe/estadistica/financiera/2015/Febrero/B-2201-fe2015.XLS
2025-10-01 17:17:28,978 [INFO] Archivo cargado en memoria: Banca_Multiple_EEFF_201503.xls desde https://intranet2.sbs.gob.pe/estadistica/financiera/2015/Marzo/B-2201-ma2015.XLS
2025-10-01 17:17:29,267 [INFO] Archivo cargado en memoria: Banca_Multiple_EEFF_201504.xls desde https://intranet2.sbs.gob.pe/estadistica/financiera/2015/Abril/B-2201-ab2015.XLS
2025-10-01 17:17:29,616 [INFO] Archivo cargado en memoria: Banca_Multiple_EEFF_201505.xls desde https://intranet2.sbs.gob.pe/estadistica/financiera/2015/Mayo/B-2201-my2015.XLS
2025-10-01 17:17:30,104 [INFO] Archivo cargado en memoria: Banca_Multiple_EEFF_201506.xls desde https://intranet2.sbs.gob.pe/estadistica/financiera/2015/Junio/B-2201-jn2015.XLS
2025-10-01 17:17:30,766 [INFO] Archivo cargado en memoria: Banca_Multiple_EEFF_201507.xls desde https://intranet2.sbs.gob.pe/estadistica/financiera/2015/Julio/B-2201-jl2015.XLS
2025-10-01 17:17:31,364 [INFO] Archivo cargado en memoria: Banca_Multiple_EEFF_201508.xls desde https://intranet2.sbs.gob.pe/estadistica/financiera/2015/Agosto/B-2201-ag2015.XLS
2025-10-01 17:17:31,886 [INFO] Archivo cargado en memoria: Banca_Multiple_EEFF_201509.xls desde https://intranet2.sbs.gob.pe/estadistica/financiera/2015/Setiembre/B-2201-se2015.XLS
2025-10-01 17:17:32,726 [INFO] Archivo cargado en memoria: Banca_Multiple_EEFF_201510.xls desde https://intranet2.sbs.gob.pe/estadistica/financiera/2015/Octubre/B-2201-oc2015.XLS
2025-10-01 17:17:33,308 [INFO] Archivo cargado en memoria: Banca_Multiple_EEFF_201511.xls desde https://intranet2.sbs.gob.pe/estadistica/financiera/2015/Noviembre/B-2201-no2015.XLS
2025-10-01 17:17:34,167 [INFO] Archivo cargado en memoria: Banca_Multiple_EEFF_201512.xls desde https://intranet2.sbs.gob.pe/estadistica/financiera/2015/Diciembre/B-2201-di2015.XLS
2025-10-01 17:17:34,674 [INFO] Archivo cargado en memoria: Banca_Multiple_EEFF_201601.xls desde https://intranet2.sbs.gob.pe/estadistica/financiera/2016/Enero/B-2201-en2016.XLS
2025-10-01 17:17:35,335 [INFO] Archivo cargado en memoria: Banca_Multiple_EEFF_201602.xls desde https://intranet2.sbs.gob.pe/estadistica/financiera/2016/Febrero/B-2201-fe2016.XLS
2025-10-01 17:17:35,853 [INFO] Archivo cargado en memoria: Banca_Multiple_EEFF_201603.xls desde https://intranet2.sbs.gob.pe/estadistica/financiera/2016/Marzo/B-2201-ma2016.XLS
2025-10-01 17:17:36,317 [INFO] Archivo cargado en memoria: Banca_Multiple_EEFF_201604.xls desde https://intranet2.sbs.gob.pe/estadistica/financiera/2016/Abril/B-2201-ab2016.XLS
2025-10-01 17:17:36,742 [INFO] Archivo cargado en memoria: Banca_Multiple_EEFF_201605.xls desde https://intranet2.sbs.gob.pe/estadistica/financiera/2016/Mayo/B-2201-my2016.XLS
2025-10-01 17:17:37,182 [INFO] Archivo cargado en memoria: Banca_Multiple_EEFF_201606.xls desde https://intranet2.sbs.gob.pe/estadistica/financiera/2016/Junio/B-2201-jn2016.XLS
2025-10-01 17:17:37,650 [INFO] Archivo cargado en memoria: Banca_Multiple_EEFF_201607.xls desde https://intranet2.sbs.gob.pe/estadistica/financiera/2016/Julio/B-2201-jl2016.XLS
2025-10-01 17:17:38,099 [INFO] Archivo cargado en memoria: Banca_Multiple_EEFF_201608.xls desde https://intranet2.sbs.gob.pe/estadistica/financiera/2016/Agosto/B-2201-ag2016.XLS
2025-10-01 17:17:38,523 [INFO] Archivo cargado en memoria: Banca_Multiple_EEFF_201609.xls desde https://intranet2.sbs.gob.pe/estadistica/financiera/2016/Setiembre/B-2201-se2016.XLS
2025-10-01 17:17:39,023 [INFO] Archivo cargado en memoria: Banca_Multiple_EEFF_201610.xls desde https://intranet2.sbs.gob.pe/estadistica/financiera/2016/Octubre/B-2201-oc2016.XLS
2025-10-01 17:17:39,640 [INFO] Archivo cargado en memoria: Banca_Multiple_EEFF_201611.xls desde https://intranet2.sbs.gob.pe/estadistica/financiera/2016/Noviembre/B-2201-no2016.XLS
2025-10-01 17:17:40,287 [INFO] Archivo cargado en memoria: Banca_Multiple_EEFF_201612.xls desde https://intranet2.sbs.gob.pe/estadistica/financiera/2016/Diciembre/B-2201-di2016.XLS
2025-10-01 17:17:40,886 [INFO] Archivo cargado en memoria: Banca_Multiple_EEFF_201701.xls desde https://intranet2.sbs.gob.pe/estadistica/financiera/2017/Enero/B-2201-en2017.XLS
2025-10-01 17:17:41,214 [INFO] Archivo cargado en memoria: Banca_Multiple_EEFF_201702.xls desde https://intranet2.sbs.gob.pe/estadistica/financiera/2017/Febrero/B-2201-fe2017.XLS
2025-10-01 17:17:41,706 [INFO] Archivo cargado en memoria: Banca_Multiple_EEFF_201703.xls desde https://intranet2.sbs.gob.pe/estadistica/financiera/2017/Marzo/B-2201-ma2017.XLS
2025-10-01 17:17:42,108 [INFO] Archivo cargado en memoria: Banca_Multiple_EEFF_201704.xls desde https://intranet2.sbs.gob.pe/estadistica/financiera/2017/Abril/B-2201-ab2017.XLS
2025-10-01 17:17:42,422 [INFO] Archivo cargado en memoria: Banca_Multiple_EEFF_201705.xls desde https://intranet2.sbs.gob.pe/estadistica/financiera/2017/Mayo/B-2201-my2017.XLS
2025-10-01 17:17:42,737 [INFO] Archivo cargado en memoria: Banca_Multiple_EEFF_201706.xls desde https://intranet2.sbs.gob.pe/estadistica/financiera/2017/Junio/B-2201-jn2017.XLS
2025-10-01 17:17:43,141 [INFO] Archivo cargado en memoria: Banca_Multiple_EEFF_201707.xls desde https://intranet2.sbs.gob.pe/estadistica/financiera/2017/Julio/B-2201-jl2017.XLS
2025-10-01 17:17:43,705 [INFO] Archivo cargado en memoria: Banca_Multiple_EEFF_201708.xls desde https://intranet2.sbs.gob.pe/estadistica/financiera/2017/Agosto/B-2201-ag2017.XLS
2025-10-01 17:17:44,139 [INFO] Archivo cargado en memoria: Banca_Multiple_EEFF_201709.xls desde https://intranet2.sbs.gob.pe/estadistica/financiera/2017/Setiembre/B-2201-se2017.XLS
2025-10-01 17:17:44,422 [INFO] Archivo cargado en memoria: Banca_Multiple_EEFF_201710.xls desde https://intranet2.sbs.gob.pe/estadistica/financiera/2017/Octubre/B-2201-oc2017.XLS
2025-10-01 17:17:44,835 [INFO] Archivo cargado en memoria: Banca_Multiple_EEFF_201711.xls desde https://intranet2.sbs.gob.pe/estadistica/financiera/2017/Noviembre/B-2201-no2017.XLS
2025-10-01 17:17:45,151 [INFO] Archivo cargado en memoria: Banca_Multiple_EEFF_201712.xls desde https://intranet2.sbs.gob.pe/estadistica/financiera/2017/Diciembre/B-2201-di2017.XLS
2025-10-01 17:17:45,485 [INFO] Archivo cargado en memoria: Banca_Multiple_EEFF_201801.xls desde https://intranet2.sbs.gob.pe/estadistica/financiera/2018/Enero/B-2201-en2018.XLS
2025-10-01 17:17:45,752 [INFO] Archivo cargado en memoria: Banca_Multiple_EEFF_201802.xls desde https://intranet2.sbs.gob.pe/estadistica/financiera/2018/Febrero/B-2201-fe2018.XLS
2025-10-01 17:17:46,091 [INFO] Archivo cargado en memoria: Banca_Multiple_EEFF_201803.xls desde https://intranet2.sbs.gob.pe/estadistica/financiera/2018/Marzo/B-2201-ma2018.XLS
2025-10-01 17:17:46,364 [INFO] Archivo cargado en memoria: Banca_Multiple_EEFF_201804.xls desde https://intranet2.sbs.gob.pe/estadistica/financiera/2018/Abril/B-2201-ab2018.XLS
2025-10-01 17:17:46,651 [INFO] Archivo cargado en memoria: Banca_Multiple_EEFF_201805.xls desde https://intranet2.sbs.gob.pe/estadistica/financiera/2018/Mayo/B-2201-my2018.XLS
2025-10-01 17:17:46,915 [INFO] Archivo cargado en memoria: Banca_Multiple_EEFF_201806.xls desde https://intranet2.sbs.gob.pe/estadistica/financiera/2018/Junio/B-2201-jn2018.XLS
2025-10-01 17:17:47,185 [INFO] Archivo cargado en memoria: Banca_Multiple_EEFF_201807.xls desde https://intranet2.sbs.gob.pe/estadistica/financiera/2018/Julio/B-2201-jl2018.XLS
2025-10-01 17:17:47,436 [INFO] Archivo cargado en memoria: Banca_Multiple_EEFF_201808.xls desde https://intranet2.sbs.gob.pe/estadistica/financiera/2018/Agosto/B-2201-ag2018.XLS
2025-10-01 17:17:47,687 [INFO] Archivo cargado en memoria: Banca_Multiple_EEFF_201809.xls desde https://intranet2.sbs.gob.pe/estadistica/financiera/2018/Setiembre/B-2201-se2018.XLS
2025-10-01 17:17:47,939 [INFO] Archivo cargado en memoria: Banca_Multiple_EEFF_201810.xls desde https://intranet2.sbs.gob.pe/estadistica/financiera/2018/Octubre/B-2201-oc2018.XLS
2025-10-01 17:17:48,229 [INFO] Archivo cargado en memoria: Banca_Multiple_EEFF_201811.xls desde https://intranet2.sbs.gob.pe/estadistica/financiera/2018/Noviembre/B-2201-no2018.XLS
2025-10-01 17:17:48,516 [INFO] Archivo cargado en memoria: Banca_Multiple_EEFF_201812.xls desde https://intranet2.sbs.gob.pe/estadistica/financiera/2018/Diciembre/B-2201-di2018.XLS
2025-10-01 17:17:48,844 [INFO] Archivo cargado en memoria: Banca_Multiple_EEFF_201901.xls desde https://intranet2.sbs.gob.pe/estadistica/financiera/2019/Enero/B-2201-en2019.XLS
2025-10-01 17:17:49,124 [INFO] Archivo cargado en memoria: Banca_Multiple_EEFF_201902.xls desde https://intranet2.sbs.gob.pe/estadistica/financiera/2019/Febrero/B-2201-fe2019.XLS
2025-10-01 17:17:49,399 [INFO] Archivo cargado en memoria: Banca_Multiple_EEFF_201903.xls desde https://intranet2.sbs.gob.pe/estadistica/financiera/2019/Marzo/B-2201-ma2019.XLS
2025-10-01 17:17:49,674 [INFO] Archivo cargado en memoria: Banca_Multiple_EEFF_201904.xls desde https://intranet2.sbs.gob.pe/estadistica/financiera/2019/Abril/B-2201-ab2019.XLS
2025-10-01 17:17:49,934 [INFO] Archivo cargado en memoria: Banca_Multiple_EEFF_201905.xls desde https://intranet2.sbs.gob.pe/estadistica/financiera/2019/Mayo/B-2201-my2019.XLS
2025-10-01 17:17:50,195 [INFO] Archivo cargado en memoria: Banca_Multiple_EEFF_201906.xls desde https://intranet2.sbs.gob.pe/estadistica/financiera/2019/Junio/B-2201-jn2019.XLS
2025-10-01 17:17:50,460 [INFO] Archivo cargado en memoria: Banca_Multiple_EEFF_201907.xls desde https://intranet2.sbs.gob.pe/estadistica/financiera/2019/Julio/B-2201-jl2019.XLS
2025-10-01 17:17:50,727 [INFO] Archivo cargado en memoria: Banca_Multiple_EEFF_201908.xls desde https://intranet2.sbs.gob.pe/estadistica/financiera/2019/Agosto/B-2201-ag2019.XLS
2025-10-01 17:17:51,080 [INFO] Archivo cargado en memoria: Banca_Multiple_EEFF_201909.xls desde https://intranet2.sbs.gob.pe/estadistica/financiera/2019/Setiembre/B-2201-se2019.XLS
2025-10-01 17:17:51,359 [INFO] Archivo cargado en memoria: Banca_Multiple_EEFF_201910.xls desde https://intranet2.sbs.gob.pe/estadistica/financiera/2019/Octubre/B-2201-oc2019.XLS
2025-10-01 17:17:51,677 [INFO] Archivo cargado en memoria: Banca_Multiple_EEFF_201911.xls desde https://intranet2.sbs.gob.pe/estadistica/financiera/2019/Noviembre/B-2201-no2019.XLS
2025-10-01 17:17:51,954 [INFO] Archivo cargado en memoria: Banca_Multiple_EEFF_201912.xls desde https://intranet2.sbs.gob.pe/estadistica/financiera/2019/Diciembre/B-2201-di2019.XLS
2025-10-01 17:17:52,214 [INFO] Archivo cargado en memoria: Banca_Multiple_EEFF_202001.xls desde https://intranet2.sbs.gob.pe/estadistica/financiera/2020/Enero/B-2201-en2020.XLS
2025-10-01 17:17:52,482 [INFO] Archivo cargado en memoria: Banca_Multiple_EEFF_202002.xls desde https://intranet2.sbs.gob.pe/estadistica/financiera/2020/Febrero/B-2201-fe2020.XLS
2025-10-01 17:17:52,770 [INFO] Archivo cargado en memoria: Banca_Multiple_EEFF_202003.xls desde https://intranet2.sbs.gob.pe/estadistica/financiera/2020/Marzo/B-2201-ma2020.XLS
2025-10-01 17:17:53,042 [INFO] Archivo cargado en memoria: Banca_Multiple_EEFF_202004.xls desde https://intranet2.sbs.gob.pe/estadistica/financiera/2020/Abril/B-2201-ab2020.XLS
2025-10-01 17:17:53,319 [INFO] Archivo cargado en memoria: Banca_Multiple_EEFF_202005.xls desde https://intranet2.sbs.gob.pe/estadistica/financiera/2020/Mayo/B-2201-my2020.XLS
2025-10-01 17:17:53,605 [INFO] Archivo cargado en memoria: Banca_Multiple_EEFF_202006.xls desde https://intranet2.sbs.gob.pe/estadistica/financiera/2020/Junio/B-2201-jn2020.XLS
2025-10-01 17:17:53,863 [INFO] Archivo cargado en memoria: Banca_Multiple_EEFF_202007.xls desde https://intranet2.sbs.gob.pe/estadistica/financiera/2020/Julio/B-2201-jl2020.XLS
2025-10-01 17:17:54,125 [INFO] Archivo cargado en memoria: Banca_Multiple_EEFF_202008.xls desde https://intranet2.sbs.gob.pe/estadistica/financiera/2020/Agosto/B-2201-ag2020.XLS
2025-10-01 17:17:54,379 [INFO] Archivo cargado en memoria: Banca_Multiple_EEFF_202009.xls desde https://intranet2.sbs.gob.pe/estadistica/financiera/2020/Setiembre/B-2201-se2020.XLS
2025-10-01 17:17:54,640 [INFO] Archivo cargado en memoria: Banca_Multiple_EEFF_202010.xls desde https://intranet2.sbs.gob.pe/estadistica/financiera/2020/Octubre/B-2201-oc2020.XLS
2025-10-01 17:17:54,916 [INFO] Archivo cargado en memoria: Banca_Multiple_EEFF_202011.xls desde https://intranet2.sbs.gob.pe/estadistica/financiera/2020/Noviembre/B-2201-no2020.XLS
2025-10-01 17:17:55,214 [INFO] Archivo cargado en memoria: Banca_Multiple_EEFF_202012.xls desde https://intranet2.sbs.gob.pe/estadistica/financiera/2020/Diciembre/B-2201-di2020.XLS
2025-10-01 17:17:55,579 [INFO] Archivo cargado en memoria: Banca_Multiple_EEFF_202101.xls desde https://intranet2.sbs.gob.pe/estadistica/financiera/2021/Enero/B-2201-en2021.XLS
2025-10-01 17:17:55,887 [INFO] Archivo cargado en memoria: Banca_Multiple_EEFF_202102.xls desde https://intranet2.sbs.gob.pe/estadistica/financiera/2021/Febrero/B-2201-fe2021.XLS
2025-10-01 17:17:56,143 [INFO] Archivo cargado en memoria: Banca_Multiple_EEFF_202103.xls desde https://intranet2.sbs.gob.pe/estadistica/financiera/2021/Marzo/B-2201-ma2021.XLS
2025-10-01 17:17:56,397 [INFO] Archivo cargado en memoria: Banca_Multiple_EEFF_202104.xls desde https://intranet2.sbs.gob.pe/estadistica/financiera/2021/Abril/B-2201-ab2021.XLS
2025-10-01 17:17:56,821 [INFO] Archivo cargado en memoria: Banca_Multiple_EEFF_202105.xls desde https://intranet2.sbs.gob.pe/estadistica/financiera/2021/Mayo/B-2201-my2021.XLS
2025-10-01 17:17:57,094 [INFO] Archivo cargado en memoria: Banca_Multiple_EEFF_202106.xls desde https://intranet2.sbs.gob.pe/estadistica/financiera/2021/Junio/B-2201-jn2021.XLS
2025-10-01 17:17:57,354 [INFO] Archivo cargado en memoria: Banca_Multiple_EEFF_202107.xls desde https://intranet2.sbs.gob.pe/estadistica/financiera/2021/Julio/B-2201-jl2021.XLS
2025-10-01 17:17:57,617 [INFO] Archivo cargado en memoria: Banca_Multiple_EEFF_202108.xls desde https://intranet2.sbs.gob.pe/estadistica/financiera/2021/Agosto/B-2201-ag2021.XLS
2025-10-01 17:17:57,882 [INFO] Archivo cargado en memoria: Banca_Multiple_EEFF_202109.xls desde https://intranet2.sbs.gob.pe/estadistica/financiera/2021/Setiembre/B-2201-se2021.XLS
2025-10-01 17:17:58,129 [INFO] Archivo cargado en memoria: Banca_Multiple_EEFF_202110.xls desde https://intranet2.sbs.gob.pe/estadistica/financiera/2021/Octubre/B-2201-oc2021.XLS
2025-10-01 17:17:58,384 [INFO] Archivo cargado en memoria: Banca_Multiple_EEFF_202111.xls desde https://intranet2.sbs.gob.pe/estadistica/financiera/2021/Noviembre/B-2201-no2021.XLS
2025-10-01 17:17:58,670 [INFO] Archivo cargado en memoria: Banca_Multiple_EEFF_202112.xls desde https://intranet2.sbs.gob.pe/estadistica/financiera/2021/Diciembre/B-2201-di2021.XLS
2025-10-01 17:17:58,931 [INFO] Archivo cargado en memoria: Banca_Multiple_EEFF_202201.xls desde https://intranet2.sbs.gob.pe/estadistica/financiera/2022/Enero/B-2201-en2022.XLS
2025-10-01 17:17:59,203 [INFO] Archivo cargado en memoria: Banca_Multiple_EEFF_202202.xls desde https://intranet2.sbs.gob.pe/estadistica/financiera/2022/Febrero/B-2201-fe2022.XLS
2025-10-01 17:17:59,532 [INFO] Archivo cargado en memoria: Banca_Multiple_EEFF_202203.xls desde https://intranet2.sbs.gob.pe/estadistica/financiera/2022/Marzo/B-2201-ma2022.XLS
2025-10-01 17:17:59,791 [INFO] Archivo cargado en memoria: Banca_Multiple_EEFF_202204.xls desde https://intranet2.sbs.gob.pe/estadistica/financiera/2022/Abril/B-2201-ab2022.XLS
2025-10-01 17:18:00,056 [INFO] Archivo cargado en memoria: Banca_Multiple_EEFF_202205.xls desde https://intranet2.sbs.gob.pe/estadistica/financiera/2022/Mayo/B-2201-my2022.XLS
2025-10-01 17:18:00,364 [INFO] Archivo cargado en memoria: Banca_Multiple_EEFF_202206.xls desde https://intranet2.sbs.gob.pe/estadistica/financiera/2022/Junio/B-2201-jn2022.XLS
2025-10-01 17:18:00,633 [INFO] Archivo cargado en memoria: Banca_Multiple_EEFF_202207.xls desde https://intranet2.sbs.gob.pe/estadistica/financiera/2022/Julio/B-2201-jl2022.XLS
2025-10-01 17:18:00,902 [INFO] Archivo cargado en memoria: Banca_Multiple_EEFF_202208.xls desde https://intranet2.sbs.gob.pe/estadistica/financiera/2022/Agosto/B-2201-ag2022.XLS
2025-10-01 17:18:01,190 [INFO] Archivo cargado en memoria: Banca_Multiple_EEFF_202209.xls desde https://intranet2.sbs.gob.pe/estadistica/financiera/2022/Setiembre/B-2201-se2022.XLS
2025-10-01 17:18:01,489 [INFO] Archivo cargado en memoria: Banca_Multiple_EEFF_202210.xls desde https://intranet2.sbs.gob.pe/estadistica/financiera/2022/Octubre/B-2201-oc2022.XLS
2025-10-01 17:18:01,745 [INFO] Archivo cargado en memoria: Banca_Multiple_EEFF_202211.xls desde https://intranet2.sbs.gob.pe/estadistica/financiera/2022/Noviembre/B-2201-no2022.XLS
2025-10-01 17:18:01,994 [INFO] Archivo cargado en memoria: Banca_Multiple_EEFF_202212.xls desde https://intranet2.sbs.gob.pe/estadistica/financiera/2022/Diciembre/B-2201-di2022.XLS
2025-10-01 17:18:02,262 [INFO] Archivo cargado en memoria: Banca_Multiple_EEFF_202301.xls desde https://intranet2.sbs.gob.pe/estadistica/financiera/2023/Enero/B-2201-en2023.XLS
2025-10-01 17:18:02,519 [INFO] Archivo cargado en memoria: Banca_Multiple_EEFF_202302.xls desde https://intranet2.sbs.gob.pe/estadistica/financiera/2023/Febrero/B-2201-fe2023.XLS
2025-10-01 17:18:02,778 [INFO] Archivo cargado en memoria: Banca_Multiple_EEFF_202303.xls desde https://intranet2.sbs.gob.pe/estadistica/financiera/2023/Marzo/B-2201-ma2023.XLS
2025-10-01 17:18:03,052 [INFO] Archivo cargado en memoria: Banca_Multiple_EEFF_202304.xls desde https://intranet2.sbs.gob.pe/estadistica/financiera/2023/Abril/B-2201-ab2023.XLS
2025-10-01 17:18:03,311 [INFO] Archivo cargado en memoria: Banca_Multiple_EEFF_202305.xls desde https://intranet2.sbs.gob.pe/estadistica/financiera/2023/Mayo/B-2201-my2023.XLS
2025-10-01 17:18:03,560 [INFO] Archivo cargado en memoria: Banca_Multiple_EEFF_202306.xls desde https://intranet2.sbs.gob.pe/estadistica/financiera/2023/Junio/B-2201-jn2023.XLS
2025-10-01 17:18:03,824 [INFO] Archivo cargado en memoria: Banca_Multiple_EEFF_202307.xls desde https://intranet2.sbs.gob.pe/estadistica/financiera/2023/Julio/B-2201-jl2023.XLS
2025-10-01 17:18:04,124 [INFO] Archivo cargado en memoria: Banca_Multiple_EEFF_202308.xls desde https://intranet2.sbs.gob.pe/estadistica/financiera/2023/Agosto/B-2201-ag2023.XLS
2025-10-01 17:18:04,400 [INFO] Archivo cargado en memoria: Banca_Multiple_EEFF_202309.xls desde https://intranet2.sbs.gob.pe/estadistica/financiera/2023/Setiembre/B-2201-se2023.XLS
2025-10-01 17:18:04,663 [INFO] Archivo cargado en memoria: Banca_Multiple_EEFF_202310.xls desde https://intranet2.sbs.gob.pe/estadistica/financiera/2023/Octubre/B-2201-oc2023.XLS
2025-10-01 17:18:04,938 [INFO] Archivo cargado en memoria: Banca_Multiple_EEFF_202311.xls desde https://intranet2.sbs.gob.pe/estadistica/financiera/2023/Noviembre/B-2201-no2023.XLS
2025-10-01 17:18:05,189 [INFO] Archivo cargado en memoria: Banca_Multiple_EEFF_202312.xls desde https://intranet2.sbs.gob.pe/estadistica/financiera/2023/Diciembre/B-2201-di2023.XLS
2025-10-01 17:18:05,476 [INFO] Archivo cargado en memoria: Banca_Multiple_EEFF_202401.xls desde https://intranet2.sbs.gob.pe/estadistica/financiera/2024/Enero/B-2201-en2024.XLS
2025-10-01 17:18:05,753 [INFO] Archivo cargado en memoria: Banca_Multiple_EEFF_202402.xls desde https://intranet2.sbs.gob.pe/estadistica/financiera/2024/Febrero/B-2201-fe2024.XLS
2025-10-01 17:18:06,034 [INFO] Archivo cargado en memoria: Banca_Multiple_EEFF_202403.xls desde https://intranet2.sbs.gob.pe/estadistica/financiera/2024/Marzo/B-2201-ma2024.XLS
2025-10-01 17:18:06,293 [INFO] Archivo cargado en memoria: Banca_Multiple_EEFF_202404.xls desde https://intranet2.sbs.gob.pe/estadistica/financiera/2024/Abril/B-2201-ab2024.XLS
2025-10-01 17:18:06,722 [INFO] Archivo cargado en memoria: Banca_Multiple_EEFF_202405.xls desde https://intranet2.sbs.gob.pe/estadistica/financiera/2024/Mayo/B-2201-my2024.XLS
2025-10-01 17:18:06,984 [INFO] Archivo cargado en memoria: Banca_Multiple_EEFF_202406.xls desde https://intranet2.sbs.gob.pe/estadistica/financiera/2024/Junio/B-2201-jn2024.XLS
2025-10-01 17:18:07,289 [INFO] Archivo cargado en memoria: Banca_Multiple_EEFF_202407.xls desde https://intranet2.sbs.gob.pe/estadistica/financiera/2024/Julio/B-2201-jl2024.XLS
2025-10-01 17:18:07,617 [INFO] Archivo cargado en memoria: Banca_Multiple_EEFF_202408.xls desde https://intranet2.sbs.gob.pe/estadistica/financiera/2024/Agosto/B-2201-ag2024.XLS
2025-10-01 17:18:07,896 [INFO] Archivo cargado en memoria: Banca_Multiple_EEFF_202409.xls desde https://intranet2.sbs.gob.pe/estadistica/financiera/2024/Setiembre/B-2201-se2024.XLS
2025-10-01 17:18:08,172 [INFO] Archivo cargado en memoria: Banca_Multiple_EEFF_202410.xls desde https://intranet2.sbs.gob.pe/estadistica/financiera/2024/Octubre/B-2201-oc2024.XLS
2025-10-01 17:18:08,468 [INFO] Archivo cargado en memoria: Banca_Multiple_EEFF_202411.xls desde https://intranet2.sbs.gob.pe/estadistica/financiera/2024/Noviembre/B-2201-no2024.XLS
2025-10-01 17:18:08,786 [INFO] Archivo cargado en memoria: Banca_Multiple_EEFF_202412.xls desde https://intranet2.sbs.gob.pe/estadistica/financiera/2024/Diciembre/B-2201-di2024.XLS
2025-10-01 17:18:09,049 [INFO] Archivo cargado en memoria: Banca_Multiple_EEFF_202501.xls desde https://intranet2.sbs.gob.pe/estadistica/financiera/2025/Enero/B-2201-en2025.XLS
2025-10-01 17:18:09,347 [INFO] Archivo cargado en memoria: Banca_Multiple_EEFF_202502.xls desde https://intranet2.sbs.gob.pe/estadistica/financiera/2025/Febrero/B-2201-fe2025.XLS
2025-10-01 17:18:09,626 [INFO] Archivo cargado en memoria: Banca_Multiple_EEFF_202503.xls desde https://intranet2.sbs.gob.pe/estadistica/financiera/2025/Marzo/B-2201-ma2025.XLS
2025-10-01 17:18:09,896 [INFO] Archivo cargado en memoria: Banca_Multiple_EEFF_202504.xls desde https://intranet2.sbs.gob.pe/estadistica/financiera/2025/Abril/B-2201-ab2025.XLS
2025-10-01 17:18:10,169 [INFO] Archivo cargado en memoria: Banca_Multiple_EEFF_202505.xls desde https://intranet2.sbs.gob.pe/estadistica/financiera/2025/Mayo/B-2201-my2025.XLS
2025-10-01 17:18:10,443 [INFO] Archivo cargado en memoria: Banca_Multiple_EEFF_202506.xls desde https://intranet2.sbs.gob.pe/estadistica/financiera/2025/Junio/B-2201-jn2025.XLS
2025-10-01 17:18:10,814 [INFO] Archivo cargado en memoria: Banca_Multiple_EEFF_202507.xls desde https://intranet2.sbs.gob.pe/estadistica/financiera/2025/Julio/B-2201-jl2025.XLS
2025-10-01 17:18:11,201 [INFO] Archivo cargado en memoria: Banca_Multiple_EEFF_202508.xls desde https://intranet2.sbs.gob.pe/estadistica/financiera/2025/Agosto/B-2201-ag2025.XLS
2025-10-01 17:18:11,456 [WARNING] Archivo Banca_Multiple_EEFF_202509 no encontrado en la URL: https://intranet2.sbs.gob.pe/estadistica/financiera/2025/Setiembre/B-2201-se2025.XLS (Status code: 404)
2025-10-01 17:18:11,572 [WARNING] Archivo Banca_Multiple_EEFF_202510 no encontrado en la URL: https://intranet2.sbs.gob.pe/estadistica/financiera/2025/Octubre/B-2201-oc2025.XLS (Status code: 404)
2025-10-01 17:18:11,685 [WARNING] Archivo Banca_Multiple_EEFF_202511 no encontrado en la URL: https://intranet2.sbs.gob.pe/estadistica/financiera/2025/Noviembre/B-2201-no2025.XLS (Status code: 404)
2025-10-01 17:18:11,793 [WARNING] Archivo Banca_Multiple_EEFF_202512 no encontrado en la URL: https://intranet2.sbs.gob.pe/estadistica/financiera/2025/Diciembre/B-2201-di2025.XLS (Status code: 404)
2025-10-01 17:18:11,794 [INFO] Descarga finalizada. Se cargaron 284 archivos en memoria.
2025-10-01 17:18:11,794 [INFO] <<< Proceso de descarga finalizado. Hubo descargas: True.
